Build started 9/19/2014 11:16:48 PM.
Project "C:\Users\Ben\Documents\Rampart\rampart\rampart\rampart.vcxproj" on node 2 (Build target(s)).
ClCompile:
  C:\Program Files (x86)\Microsoft Visual Studio 11.0\VC\bin\CL.exe /c /ZI /nologo /W3 /WX- /Od /Oy- /D _MBCS /Gm /EHsc /RTC1 /MDd /GS /fp:precise /Zc:wchar_t /Zc:forScope /Fo"Debug\\" /Fd"Debug\vc110.pdb" /Gd /TP /analyze- /errorReport:prompt Base.cpp Block.cpp Cannon.cpp Console.cpp Game.cpp KeyBoard.cpp main.cpp Overlay.cpp UI.cpp WallOverlay.cpp
  WallOverlay.cpp
  UI.cpp
c:\users\ben\documents\rampart\rampart\rampart\ui.cpp(67): warning C4129: '|' : unrecognized character escape sequence
c:\users\ben\documents\rampart\rampart\rampart\ui.cpp(193): warning C4996: 'getch': The POSIX name for this item is deprecated. Instead, use the ISO C++ conformant name: _getch. See online help for details.
          c:\program files (x86)\microsoft visual studio 11.0\vc\include\conio.h(131) : see declaration of 'getch'
c:\users\ben\documents\rampart\rampart\rampart\ui.cpp(219): warning C4996: 'sprintf': This function or variable may be unsafe. Consider using sprintf_s instead. To disable deprecation, use _CRT_SECURE_NO_WARNINGS. See online help for details.
          c:\program files (x86)\microsoft visual studio 11.0\vc\include\stdio.h(357) : see declaration of 'sprintf'
c:\users\ben\documents\rampart\rampart\rampart\ui.cpp(220): warning C4244: 'argument' : conversion from 'time_t' to 'unsigned int', possible loss of data
  Overlay.cpp
  main.cpp
  KeyBoard.cpp
c:\users\ben\documents\rampart\rampart\rampart\keyboard.cpp(27): warning C4800: 'int' : forcing value to bool 'true' or 'false' (performance warning)
  Game.cpp
c:\users\ben\documents\rampart\rampart\rampart\game.cpp(387): warning C4018: '<' : signed/unsigned mismatch
c:\users\ben\documents\rampart\rampart\rampart\game.cpp(540): warning C4018: '<' : signed/unsigned mismatch
c:\users\ben\documents\rampart\rampart\rampart\game.cpp(551): warning C4018: '<' : signed/unsigned mismatch
c:\users\ben\documents\rampart\rampart\rampart\game.cpp(577): warning C4018: '<' : signed/unsigned mismatch
c:\users\ben\documents\rampart\rampart\rampart\game.cpp(602): warning C4018: '<' : signed/unsigned mismatch
c:\users\ben\documents\rampart\rampart\rampart\game.cpp(645): warning C4018: '<' : signed/unsigned mismatch
c:\users\ben\documents\rampart\rampart\rampart\game.cpp(653): warning C4018: '<' : signed/unsigned mismatch
c:\users\ben\documents\rampart\rampart\rampart\game.cpp(721): warning C4018: '<' : signed/unsigned mismatch
c:\users\ben\documents\rampart\rampart\rampart\game.cpp(797): warning C4996: 'sprintf': This function or variable may be unsafe. Consider using sprintf_s instead. To disable deprecation, use _CRT_SECURE_NO_WARNINGS. See online help for details.
          c:\program files (x86)\microsoft visual studio 11.0\vc\include\stdio.h(357) : see declaration of 'sprintf'
  Console.cpp
c:\users\ben\documents\rampart\rampart\rampart\console.cpp(53): warning C4309: 'argument' : truncation of constant value
c:\users\ben\documents\rampart\rampart\rampart\console.cpp(54): warning C4309: 'argument' : truncation of constant value
c:\users\ben\documents\rampart\rampart\rampart\console.cpp(55): warning C4309: 'argument' : truncation of constant value
c:\users\ben\documents\rampart\rampart\rampart\console.cpp(56): warning C4309: 'argument' : truncation of constant value
  Cannon.cpp
  Block.cpp
c:\users\ben\documents\rampart\rampart\rampart\block.cpp(59): warning C4309: 'argument' : truncation of constant value
c:\users\ben\documents\rampart\rampart\rampart\block.cpp(60): warning C4309: 'argument' : truncation of constant value
c:\users\ben\documents\rampart\rampart\rampart\block.cpp(61): warning C4309: 'argument' : truncation of constant value
c:\users\ben\documents\rampart\rampart\rampart\block.cpp(62): warning C4309: 'argument' : truncation of constant value
c:\users\ben\documents\rampart\rampart\rampart\block.cpp(65): warning C4309: 'argument' : truncation of constant value
c:\users\ben\documents\rampart\rampart\rampart\block.cpp(66): warning C4309: 'argument' : truncation of constant value
c:\users\ben\documents\rampart\rampart\rampart\block.cpp(67): warning C4309: 'argument' : truncation of constant value
c:\users\ben\documents\rampart\rampart\rampart\block.cpp(68): warning C4309: 'argument' : truncation of constant value
c:\users\ben\documents\rampart\rampart\rampart\block.cpp(79): warning C4309: 'argument' : truncation of constant value
c:\users\ben\documents\rampart\rampart\rampart\block.cpp(80): warning C4309: 'argument' : truncation of constant value
c:\users\ben\documents\rampart\rampart\rampart\block.cpp(81): warning C4309: 'argument' : truncation of constant value
c:\users\ben\documents\rampart\rampart\rampart\block.cpp(82): warning C4309: 'argument' : truncation of constant value
c:\users\ben\documents\rampart\rampart\rampart\block.cpp(85): warning C4309: 'argument' : truncation of constant value
c:\users\ben\documents\rampart\rampart\rampart\block.cpp(86): warning C4309: 'argument' : truncation of constant value
c:\users\ben\documents\rampart\rampart\rampart\block.cpp(87): warning C4309: 'argument' : truncation of constant value
c:\users\ben\documents\rampart\rampart\rampart\block.cpp(88): warning C4309: 'argument' : truncation of constant value
c:\users\ben\documents\rampart\rampart\rampart\block.cpp(91): warning C4309: 'argument' : truncation of constant value
c:\users\ben\documents\rampart\rampart\rampart\block.cpp(92): warning C4309: 'argument' : truncation of constant value
c:\users\ben\documents\rampart\rampart\rampart\block.cpp(93): warning C4309: 'argument' : truncation of constant value
c:\users\ben\documents\rampart\rampart\rampart\block.cpp(94): warning C4309: 'argument' : truncation of constant value
c:\users\ben\documents\rampart\rampart\rampart\block.cpp(97): warning C4309: 'argument' : truncation of constant value
c:\users\ben\documents\rampart\rampart\rampart\block.cpp(98): warning C4309: 'argument' : truncation of constant value
c:\users\ben\documents\rampart\rampart\rampart\block.cpp(99): warning C4309: 'argument' : truncation of constant value
c:\users\ben\documents\rampart\rampart\rampart\block.cpp(100): warning C4309: 'argument' : truncation of constant value
c:\users\ben\documents\rampart\rampart\rampart\block.cpp(103): warning C4309: 'argument' : truncation of constant value
c:\users\ben\documents\rampart\rampart\rampart\block.cpp(104): warning C4309: 'argument' : truncation of constant value
c:\users\ben\documents\rampart\rampart\rampart\block.cpp(105): warning C4309: 'argument' : truncation of constant value
c:\users\ben\documents\rampart\rampart\rampart\block.cpp(106): warning C4309: 'argument' : truncation of constant value
c:\users\ben\documents\rampart\rampart\rampart\block.cpp(111): warning C4309: 'argument' : truncation of constant value
c:\users\ben\documents\rampart\rampart\rampart\block.cpp(112): warning C4309: 'argument' : truncation of constant value
c:\users\ben\documents\rampart\rampart\rampart\block.cpp(116): warning C4309: 'argument' : truncation of constant value
c:\users\ben\documents\rampart\rampart\rampart\block.cpp(119): warning C4309: 'argument' : truncation of constant value
  Base.cpp
  Generating Code...
Link:
  C:\Program Files (x86)\Microsoft Visual Studio 11.0\VC\bin\link.exe /ERRORREPORT:PROMPT /OUT:"C:\Users\Ben\Documents\Rampart\rampart\Debug\rampart.exe" /INCREMENTAL /NOLOGO kernel32.lib user32.lib gdi32.lib winspool.lib comdlg32.lib advapi32.lib shell32.lib ole32.lib oleaut32.lib uuid.lib odbc32.lib odbccp32.lib /MANIFEST /MANIFESTUAC:"level='asInvoker' uiAccess='false'" /manifest:embed /DEBUG /PDB:"C:\Users\Ben\Documents\Rampart\rampart\Debug\rampart.pdb" /TLBID:1 /DYNAMICBASE /NXCOMPAT /IMPLIB:"C:\Users\Ben\Documents\Rampart\rampart\Debug\rampart.lib" /MACHINE:X86 Debug\Base.obj
  Debug\Block.obj
  Debug\Cannon.obj
  Debug\Console.obj
  Debug\Game.obj
  Debug\KeyBoard.obj
  Debug\main.obj
  Debug\Overlay.obj
  Debug\UI.obj
  Debug\WallOverlay.obj
  rampart.vcxproj -> C:\Users\Ben\Documents\Rampart\rampart\Debug\rampart.exe
Done Building Project "C:\Users\Ben\Documents\Rampart\rampart\rampart\rampart.vcxproj" (Build target(s)).

Build succeeded.

Time Elapsed 00:00:11.68
